# JRE version: Java(TM) SE Runtime Environment (8.0_202-b08) (build 1.8.0_202-b08)
# Java VM: Java HotSpot(TM) 64-Bit Server VM (25.202-b08 mixed mode windows-amd64 compressed oops)
Heap:
 PSYoungGen      total 307712K, used 194396K [0x000000076b980000, 0x000000077fd00000, 0x00000007c0000000)
  eden space 301568K, 64% used [0x000000076b980000,0x00000007777572f8,0x000000077e000000)
  from space 6144K, 0% used [0x000000077e000000,0x000000077e000000,0x000000077e600000)
  to   space 14848K, 0% used [0x000000077ee80000,0x000000077ee80000,0x000000077fd00000)
 ParOldGen       total 259584K, used 27995K [0x00000006c2c00000, 0x00000006d2980000, 0x000000076b980000)
  object space 259584K, 10% used [0x00000006c2c00000,0x00000006c4756d08,0x00000006d2980000)
 Metaspace       used 75679K, capacity 81088K, committed 81280K, reserved 1120256K
  class space    used 9776K, capacity 10764K, committed 10880K, reserved 1048576K
GC Heap History (10 events):
Event: 3308.928 GC heap before
{Heap before GC invocations=27 (full 10):
 PSYoungGen      total 325120K, used 310272K [0x000000076b980000, 0x0000000780680000, 0x00000007c0000000)
  eden space 310272K, 100% used [0x000000076b980000,0x000000077e880000,0x000000077e880000)
  from space 14848K, 0% used [0x000000077f800000,0x000000077f800000,0x0000000780680000)
  to   space 15360K, 0% used [0x000000077e880000,0x000000077e880000,0x000000077f780000)
 ParOldGen       total 259584K, used 27147K [0x00000006c2c00000, 0x00000006d2980000, 0x000000076b980000)
  object space 259584K, 10% used [0x00000006c2c00000,0x00000006c4682e40,0x00000006d2980000)
 Metaspace       used 74290K, capacity 79618K, committed 79872K, reserved 1118208K
  class space    used 9671K, capacity 10649K, committed 10752K, reserved 1048576K
Event: 3308.935 GC heap after
Heap after GC invocations=27 (full 10):
 PSYoungGen      total 311296K, used 9275K [0x000000076b980000, 0x000000077fe00000, 0x00000007c0000000)
  eden space 301568K, 0% used [0x000000076b980000,0x000000076b980000,0x000000077e000000)
  from space 9728K, 95% used [0x000000077e880000,0x000000077f18eda8,0x000000077f200000)
  to   space 12288K, 0% used [0x000000077f200000,0x000000077f200000,0x000000077fe00000)
 ParOldGen       total 259584K, used 27155K [0x00000006c2c00000, 0x00000006d2980000, 0x000000076b980000)
  object space 259584K, 10% used [0x00000006c2c00000,0x00000006c4684e40,0x00000006d2980000)
 Metaspace       used 74290K, capacity 79618K, committed 79872K, reserved 1118208K
  class space    used 9671K, capacity 10649K, committed 10752K, reserved 1048576K
}
Event: 3926.847 GC heap before
{Heap before GC invocations=28 (full 10):
 PSYoungGen      total 311296K, used 71154K [0x000000076b980000, 0x000000077fe00000, 0x00000007c0000000)
  eden space 301568K, 20% used [0x000000076b980000,0x000000076f5edb78,0x000000077e000000)
  from space 9728K, 95% used [0x000000077e880000,0x000000077f18eda8,0x000000077f200000)
  to   space 12288K, 0% used [0x000000077f200000,0x000000077f200000,0x000000077fe00000)
 ParOldGen       total 259584K, used 27155K [0x00000006c2c00000, 0x00000006d2980000, 0x000000076b980000)
  object space 259584K, 10% used [0x00000006c2c00000,0x00000006c4684e40,0x00000006d2980000)
 Metaspace       used 74368K, capacity 79720K, committed 79872K, reserved 1118208K
  class space    used 9679K, capacity 10683K, committed 10752K, reserved 1048576K
Event: 3926.856 GC heap after
Heap after GC invocations=28 (full 10):
 PSYoungGen      total 313856K, used 5195K [0x000000076b980000, 0x000000077fe00000, 0x00000007c0000000)
  eden space 301568K, 0% used [0x000000076b980000,0x000000076b980000,0x000000077e000000)
  from space 12288K, 42% used [0x000000077f200000,0x000000077f712e80,0x000000077fe00000)
  to   space 15360K, 0% used [0x000000077e000000,0x000000077e000000,0x000000077ef00000)
 ParOldGen       total 259584K, used 27163K [0x00000006c2c00000, 0x00000006d2980000, 0x000000076b980000)
  object space 259584K, 10% used [0x00000006c2c00000,0x00000006c4686e40,0x00000006d2980000)
 Metaspace       used 74368K, capacity 79720K, committed 79872K, reserved 1118208K
  class space    used 9679K, capacity 10683K, committed 10752K, reserved 1048576K
}
Event: 3926.856 GC heap before
{Heap before GC invocations=29 (full 11):
 PSYoungGen      total 313856K, used 5195K [0x000000076b980000, 0x000000077fe00000, 0x00000007c0000000)
  eden space 301568K, 0% used [0x000000076b980000,0x000000076b980000,0x000000077e000000)
  from space 12288K, 42% used [0x000000077f200000,0x000000077f712e80,0x000000077fe00000)
  to   space 15360K, 0% used [0x000000077e000000,0x000000077e000000,0x000000077ef00000)
 ParOldGen       total 259584K, used 27163K [0x00000006c2c00000, 0x00000006d2980000, 0x000000076b980000)
  object space 259584K, 10% used [0x00000006c2c00000,0x00000006c4686e40,0x00000006d2980000)
 Metaspace       used 74368K, capacity 79720K, committed 79872K, reserved 1118208K
  class space    used 9679K, capacity 10683K, committed 10752K, reserved 1048576K
Event: 3927.256 GC heap after
Heap after GC invocations=29 (full 11):
 PSYoungGen      total 313856K, used 0K [0x000000076b980000, 0x000000077fe00000, 0x00000007c0000000)
  eden space 301568K, 0% used [0x000000076b980000,0x000000076b980000,0x000000077e000000)
  from space 12288K, 0% used [0x000000077f200000,0x000000077f200000,0x000000077fe00000)
  to   space 15360K, 0% used [0x000000077e000000,0x000000077e000000,0x000000077ef00000)
 ParOldGen       total 259584K, used 26850K [0x00000006c2c00000, 0x00000006d2980000, 0x000000076b980000)
  object space 259584K, 10% used [0x00000006c2c00000,0x00000006c46389c0,0x00000006d2980000)
 Metaspace       used 74357K, capacity 79702K, committed 79872K, reserved 1118208K
  class space    used 9678K, capacity 10679K, committed 10752K, reserved 1048576K
}
Event: 4021.751 GC heap before
{Heap before GC invocations=30 (full 11):
 PSYoungGen      total 313856K, used 196071K [0x000000076b980000, 0x000000077fe00000, 0x00000007c0000000)
  eden space 301568K, 65% used [0x000000076b980000,0x00000007778f9ed8,0x000000077e000000)
  from space 12288K, 0% used [0x000000077f200000,0x000000077f200000,0x000000077fe00000)
  to   space 15360K, 0% used [0x000000077e000000,0x000000077e000000,0x000000077ef00000)
 ParOldGen       total 259584K, used 26850K [0x00000006c2c00000, 0x00000006d2980000, 0x000000076b980000)
  object space 259584K, 10% used [0x00000006c2c00000,0x00000006c46389c0,0x00000006d2980000)
 Metaspace       used 75021K, capacity 80448K, committed 80640K, reserved 1120256K
  class space    used 9728K, capacity 10725K, committed 10752K, reserved 1048576K
Event: 4021.763 GC heap after
Heap after GC invocations=30 (full 11):
 PSYoungGen      total 307712K, used 5890K [0x000000076b980000, 0x000000077fd00000, 0x00000007c0000000)
  eden space 301568K, 0% used [0x000000076b980000,0x000000076b980000,0x000000077e000000)
  from space 6144K, 95% used [0x000000077e000000,0x000000077e5c0918,0x000000077e600000)
  to   space 14848K, 0% used [0x000000077ee80000,0x000000077ee80000,0x000000077fd00000)
 ParOldGen       total 259584K, used 26858K [0x00000006c2c00000, 0x00000006d2980000, 0x000000076b980000)
  object space 259584K, 10% used [0x00000006c2c00000,0x00000006c463a9c0,0x00000006d2980000)
 Metaspace       used 75021K, capacity 80448K, committed 80640K, reserved 1120256K
  class space    used 9728K, capacity 10725K, committed 10752K, reserved 1048576K
}
Event: 4021.763 GC heap before
{Heap before GC invocations=31 (full 12):
 PSYoungGen      total 307712K, used 5890K [0x000000076b980000, 0x000000077fd00000, 0x00000007c0000000)
  eden space 301568K, 0% used [0x000000076b980000,0x000000076b980000,0x000000077e000000)
  from space 6144K, 95% used [0x000000077e000000,0x000000077e5c0918,0x000000077e600000)
  to   space 14848K, 0% used [0x000000077ee80000,0x000000077ee80000,0x000000077fd00000)
 ParOldGen       total 259584K, used 26858K [0x00000006c2c00000, 0x00000006d2980000, 0x000000076b980000)
  object space 259584K, 10% used [0x00000006c2c00000,0x00000006c463a9c0,0x00000006d2980000)
 Metaspace       used 75021K, capacity 80448K, committed 80640K, reserved 1120256K
  class space    used 9728K, capacity 10725K, committed 10752K, reserved 1048576K
Event: 4022.005 GC heap after
Heap after GC invocations=31 (full 12):
 PSYoungGen      total 307712K, used 0K [0x000000076b980000, 0x000000077fd00000, 0x00000007c0000000)
  eden space 301568K, 0% used [0x000000076b980000,0x000000076b980000,0x000000077e000000)
  from space 6144K, 0% used [0x000000077e000000,0x000000077e000000,0x000000077e600000)
  to   space 14848K, 0% used [0x000000077ee80000,0x000000077ee80000,0x000000077fd00000)
 ParOldGen       total 259584K, used 27995K [0x00000006c2c00000, 0x00000006d2980000, 0x000000076b980000)
  object space 259584K, 10% used [0x00000006c2c00000,0x00000006c4756d08,0x00000006d2980000)
 Metaspace       used 75011K, capacity 80430K, committed 80640K, reserved 1120256K
  class space    used 9727K, capacity 10721K, committed 10752K, reserved 1048576K
}

